Unity Editor version:    2022.3.17f1 (4fc78088f837)
Branch:                  2022.3/staging
Build type:              Release
Batch mode:              YES
macOS version:           Version 11.7 (Build 20G817)
Darwin version:          20.6.0
Architecture:            x86_64
Running under Rosetta:   NO
Available memory:        16384 MB
Using pre-set license
Pro License: YES

COMMAND LINE ARGUMENTS:
/Applications/Unity/Hub/Editor/2022.3.17f1/Unity/Unity.app/Contents/MacOS/Unity
-adb2
-batchMode
-noUpm
-name
AssetImportWorker1
-projectPath
/Users/anagatius/Desktop/GitHub_Fer/IOD_FernandoViana_1/Praﾌ…tica 2
-logFile
Logs/AssetImportWorker1.log
-srvPort
62451
Successfully changed project path to: /Users/anagatius/Desktop/GitHub_Fer/IOD_FernandoViana_1/Praﾌ…tica 2
/Users/anagatius/Desktop/GitHub_Fer/IOD_FernandoViana_1/Praﾌ…tica 2
[UnityMemory] Configuration Parameters - Can be set up in boot.config
    "memorysetup-bucket-allocator-granularity=16"
    "memorysetup-bucket-allocator-bucket-count=8"
    "memorysetup-bucket-allocator-block-size=33554432"
    "memorysetup-bucket-allocator-block-count=8"
    "memorysetup-main-allocator-block-size=16777216"
    "memorysetup-thread-allocator-block-size=16777216"
    "memorysetup-gfx-main-allocator-block-size=16777216"
    "memorysetup-gfx-thread-allocator-block-size=16777216"
    "memorysetup-cache-allocator-block-size=4194304"
    "memorysetup-typetree-allocator-block-size=2097152"
    "memorysetup-profiler-bucket-allocator-granularity=16"
    "memorysetup-profiler-bucket-allocator-bucket-count=8"
    "memorysetup-profiler-bucket-allocator-block-size=33554432"
    "memorysetup-profiler-bucket-allocator-block-count=8"
    "memorysetup-profiler-allocator-block-size=16777216"
    "memorysetup-profiler-editor-allocator-block-size=1048576"
    "memorysetup-temp-allocator-size-main=16777216"
    "memorysetup-job-temp-allocator-block-size=2097152"
    "memorysetup-job-temp-allocator-block-size-background=1048576"
    "memorysetup-job-temp-allocator-reduction-small-platforms=262144"
    "memorysetup-allocator-temp-initial-block-size-main=262144"
    "memorysetup-allocator-temp-initial-block-size-worker=262144"
    "memorysetup-temp-allocator-size-background-worker=32768"
    "memorysetup-temp-allocator-size-job-worker=262144"
    "memorysetup-temp-allocator-size-preload-manager=33554432"
    "memorysetup-temp-allocator-size-nav-mesh-worker=65536"
    "memorysetup-temp-allocator-size-audio-worker=65536"
    "memorysetup-temp-allocator-size-cloud-worker=32768"
    "memorysetup-temp-allocator-size-gi-baking-worker=262144"
    "memorysetup-temp-allocator-size-gfx=262144"
Player connection [4723981824] Host "[IP] 172.210.209.252 [Port] 0 [Flags] 2 [Guid] 2625484122 [EditorId] 2625484122 [Version] 1048832 [Id] OSXEditor(0,MacBook-Pro-de-Ana-2.local) [Debug] 1 [PackageName] OSXEditor [ProjectName] Editor" joined multi-casting on [225.0.0.222:54997]...

Player connection [4723981824] Host "[IP] 172.210.209.252 [Port] 0 [Flags] 2 [Guid] 2625484122 [EditorId] 2625484122 [Version] 1048832 [Id] OSXEditor(0,MacBook-Pro-de-Ana-2.local) [Debug] 1 [PackageName] OSXEditor [ProjectName] Editor" joined alternative multi-casting on [225.0.0.222:34997]...

[Physics::Module] Initialized MultithreadedJobDispatcher with 11 workers.
Refreshing native plugins compatible for Editor in 0.00 ms, found 0 plugins.
Preloading 0 native plugins for Editor in 0.00 ms.
Initialize engine version: 2022.3.17f1 (4fc78088f837)
[Subsystems] Discovering subsystems at path /Applications/Unity/Hub/Editor/2022.3.17f1/Unity/Unity.app/Contents/Resources/UnitySubsystems
[Subsystems] Discovering subsystems at path /Users/anagatius/Desktop/GitHub_Fer/IOD_FernandoViana_1/Praﾌ…tica 2/Assets
GfxDevice: creating device client; threaded=0; jobified=0
Color LCD preferred device: Intel(R) UHD Graphics 630 (low power)
Metal devices available: 2
0: AMD Radeon Pro 555X (high power)
1: Intel(R) UHD Graphics 630 (low power)
Using device AMD Radeon Pro 555X (high power)
Initializing Metal device caps: AMD Radeon Pro 555X
Initialize mono
Mono path[0] = '/Applications/Unity/Hub/Editor/2022.3.17f1/Unity/Unity.app/Contents/Managed'
Mono path[1] = '/Applications/Unity/Hub/Editor/2022.3.17f1/Unity/Unity.app/Contents/MonoBleedingEdge/lib/mono/unityjit-macos'
Mono config path = '/Applications/Unity/Hub/Editor/2022.3.17f1/Unity/Unity.app/Contents/MonoBleedingEdge/etc'
Using monoOptions --debugger-agent=transport=dt_socket,embedding=1,server=y,suspend=n,address=127.0.0.1:56958
Begin MonoManager ReloadAssembly
Registering precompiled unity dll's ...
Register platform support module: /Applications/Unity/Hub/Editor/2022.3.17f1/Unity/Unity.app/Contents/PlaybackEngines/MacStandaloneSupport/UnityEditor.OSXStandalone.Extensions.dll
Registered in 0.002894 seconds.
- Loaded All Assemblies, in  0.498 seconds
Native extension for OSXStandalone target not found
Mono: successfully reloaded assembly
- Finished resetting the current domain, in  0.400 seconds
Domain Reload Profiling: 897ms
	BeginReloadAssembly (129ms)
		ExecutionOrderSort (0ms)
		DisableScriptedObjects (0ms)
		BackupInstance (0ms)
		ReleaseScriptingObjects (0ms)
		CreateAndSetChildDomain (1ms)
	RebuildCommonClasses (59ms)
	RebuildNativeTypeToScriptingClass (16ms)
	initialDomainReloadingComplete (74ms)
	LoadAllAssembliesAndSetupDomain (220ms)
		LoadAssemblies (128ms)
		RebuildTransferFunctionScriptingTraits (0ms)
		AnalyzeDomain (217ms)
			TypeCache.Refresh (214ms)
				TypeCache.ScanAssembly (195ms)
			ScanForSourceGeneratedMonoScriptInfo (0ms)
			ResolveRequiredComponents (1ms)
	FinalizeReload (400ms)
		ReleaseScriptCaches (0ms)
		RebuildScriptCaches (0ms)
		SetupLoadedEditorAssemblies (313ms)
			LogAssemblyErrors (0ms)
			InitializePlatformSupportModulesInManaged (10ms)
			SetLoadedEditorAssemblies (10ms)
			RefreshPlugins (0ms)
			BeforeProcessingInitializeOnLoad (3ms)
			ProcessInitializeOnLoadAttributes (224ms)
			ProcessInitializeOnLoadMethodAttributes (66ms)
			AfterProcessingInitializeOnLoad (0ms)
			EditorAssembliesLoaded (0ms)
		ExecutionOrderSort2 (0ms)
		AwakeInstancesAfterBackupRestoration (0ms)
========================================================================
Worker process is ready to serve import requests
Begin MonoManager ReloadAssembly
- Loaded All Assemblies, in  0.256 seconds
Refreshing native plugins compatible for Editor in 0.00 ms, found 0 plugins.
Native extension for OSXStandalone target not found
Mono: successfully reloaded assembly
- Finished resetting the current domain, in  0.393 seconds
Domain Reload Profiling: 650ms
	BeginReloadAssembly (163ms)
		ExecutionOrderSort (0ms)
		DisableScriptedObjects (7ms)
		BackupInstance (0ms)
		ReleaseScriptingObjects (0ms)
		CreateAndSetChildDomain (36ms)
	RebuildCommonClasses (48ms)
	RebuildNativeTypeToScriptingClass (14ms)
	initialDomainReloadingComplete (24ms)
	LoadAllAssembliesAndSetupDomain (7ms)
		LoadAssemblies (83ms)
		RebuildTransferFunctionScriptingTraits (0ms)
		AnalyzeDomain (5ms)
			TypeCache.Refresh (3ms)
				TypeCache.ScanAssembly (0ms)
			ScanForSourceGeneratedMonoScriptInfo (0ms)
			ResolveRequiredComponents (0ms)
	FinalizeReload (394ms)
		ReleaseScriptCaches (0ms)
		RebuildScriptCaches (0ms)
		SetupLoadedEditorAssemblies (231ms)
			LogAssemblyErrors (0ms)
			InitializePlatformSupportModulesInManaged (5ms)
			SetLoadedEditorAssemblies (7ms)
			RefreshPlugins (0ms)
			BeforeProcessingInitializeOnLoad (23ms)
			ProcessInitializeOnLoadAttributes (171ms)
			ProcessInitializeOnLoadMethodAttributes (23ms)
			AfterProcessingInitializeOnLoad (2ms)
			EditorAssembliesLoaded (0ms)
		ExecutionOrderSort2 (0ms)
		AwakeInstancesAfterBackupRestoration (5ms)
Launching external process: /Applications/Unity/Hub/Editor/2022.3.17f1/Unity/Unity.app/Contents/Tools/UnityShaderCompiler
Launched and connected shader compiler UnityShaderCompiler after 0.01 seconds
Refreshing native plugins compatible for Editor in 0.00 ms, found 0 plugins.
Preloading 0 native plugins for Editor in 0.00 ms.
Unloading 6 Unused Serialized files (Serialized files now loaded: 0)
Unloading 3 unused Assets / (37.3 KB). Loaded Objects now: 477.
Memory consumption went from 112.0 MB to 111.9 MB.
Total: 2.877689 ms (FindLiveObjects: 0.039591 ms CreateObjectMapping: 0.003809 ms MarkObjects: 2.759473 ms  DeleteObjects: 0.073942 ms)

AssetImportParameters requested are different than current active one (requested -> active):
  custom:video-decoder-ogg-theora: a1e56fd34408186e4bbccfd4996cb3dc -> 
  custom:container-muxer-webm: aa71ff27fc2769a1b78a27578f13a17b -> 
  custom:container-demuxer-webm: 4f35f7cbe854078d1ac9338744f61a02 -> 
  custom:video-encoder-webm-vp8: eb34c28f22e8b96e1ab97ce403110664 -> 
  custom:framework-osx-AVFoundation: e770b220cccbd017edd2c1fefb359320 -> 
  custom:CustomObjectIndexerAttribute: 6d391050e5a25f67b0a2c618074f2cd9 -> 
  custom:audio-encoder-webm-vorbis: bf7c407c2cedff20999df2af8eb42d56 -> 
  custom:SearchIndexIgnoredProperties: e643bd26f0fe6173181afceb89e7c659 -> 
  custom:container-demuxer-ogg: 62fdf1f143b41e24485cea50d1cbac27 -> 
  custom:video-decoder-webm-vp8: 9c59270c3fd7afecdb556c50c9e8de78 -> 
  custom:audio-decoder-ogg-vorbis: bf7c407c2cedff20999df2af8eb42d56 -> 
  custom:AudioImporter_EditorPlatform: 3918e3fc78b5a79bad01e8451be0beb8 -> 
========================================================================
Received Import Request.
  Time since last request: 134860.717661 seconds.
  path: Assets/Prefabs
  artifactKey: Guid(bbecfebe8aed54800b5c22753064e921) Importer(815301076,1909f56bfc062723c751e8b465ee728b)
Start importing Assets/Prefabs using Guid(bbecfebe8aed54800b5c22753064e921) Importer(815301076,1909f56bfc062723c751e8b465ee728b)  -> (artifact id: '37839b762f2f9673858bc7f9423f3c77') in 0.002050 seconds
Number of updated asset objects reloaded before import = 0
Number of asset objects unloaded after import = 0
========================================================================
Received Import Request.
  Time since last request: 1361.809667 seconds.
  path: Assets/Materials/New Material.mat
  artifactKey: Guid(1c222a7c6b7514946b413a17c3adeec6) Importer(815301076,1909f56bfc062723c751e8b465ee728b)
Start importing Assets/Materials/New Material.mat using Guid(1c222a7c6b7514946b413a17c3adeec6) Importer(815301076,1909f56bfc062723c751e8b465ee728b)  -> (artifact id: 'd4aa883504f7e2a3ac7201bdce35433e') in 0.977576 seconds
Number of updated asset objects reloaded before import = 0
Number of asset objects unloaded after import = 1
========================================================================
Received Import Request.
  Time since last request: 393.662631 seconds.
  path: Assets/Prefabs/grayHorse.prefab
  artifactKey: Guid(95c379707634747cbb29e1cd29e12951) Importer(815301076,1909f56bfc062723c751e8b465ee728b)
Start importing Assets/Prefabs/grayHorse.prefab using Guid(95c379707634747cbb29e1cd29e12951) Importer(815301076,1909f56bfc062723c751e8b465ee728b)  -> (artifact id: 'bb4c5546e94592885c9cae26055344ad') in 0.133009 seconds
Number of updated asset objects reloaded before import = 0
Number of asset objects unloaded after import = 133
========================================================================
Received Import Request.
  Time since last request: 16.781566 seconds.
  path: Assets/Prefabs/grayHorse.prefab
  artifactKey: Guid(95c379707634747cbb29e1cd29e12951) Importer(815301076,1909f56bfc062723c751e8b465ee728b)
Start importing Assets/Prefabs/grayHorse.prefab using Guid(95c379707634747cbb29e1cd29e12951) Importer(815301076,1909f56bfc062723c751e8b465ee728b)  -> (artifact id: '11030f73593d992444a6228065f44d88') in 0.016280 seconds
Number of updated asset objects reloaded before import = 0
Number of asset objects unloaded after import = 133
========================================================================
Received Import Request.
  Time since last request: 0.000052 seconds.
  path: Assets/Prefabs/horse.prefab
  artifactKey: Guid(9366839e47d1a439780743cf23e4e3f2) Importer(815301076,1909f56bfc062723c751e8b465ee728b)
Start importing Assets/Prefabs/horse.prefab using Guid(9366839e47d1a439780743cf23e4e3f2) Importer(815301076,1909f56bfc062723c751e8b465ee728b)  -> (artifact id: '82f042bdb9ccf4d352d436f1fc5780c1') in 0.018107 seconds
Number of updated asset objects reloaded before import = 0
Number of asset objects unloaded after import = 44
========================================================================
Received Import Request.
  Time since last request: 2.969323 seconds.
  path: Assets/Prefabs/grayHorse.prefab
  artifactKey: Guid(95c379707634747cbb29e1cd29e12951) Importer(815301076,1909f56bfc062723c751e8b465ee728b)
Start importing Assets/Prefabs/grayHorse.prefab using Guid(95c379707634747cbb29e1cd29e12951) Importer(815301076,1909f56bfc062723c751e8b465ee728b)  -> (artifact id: '307c68fca0bd72af1e704f234b48a5d7') in 0.007802 seconds
Number of updated asset objects reloaded before import = 0
Number of asset objects unloaded after import = 133
========================================================================
Received Import Request.
  Time since last request: 1.623750 seconds.
  path: Assets/Prefabs/grayHorse.prefab
  artifactKey: Guid(95c379707634747cbb29e1cd29e12951) Importer(815301076,1909f56bfc062723c751e8b465ee728b)
Start importing Assets/Prefabs/grayHorse.prefab using Guid(95c379707634747cbb29e1cd29e12951) Importer(815301076,1909f56bfc062723c751e8b465ee728b)  -> (artifact id: '8e2c741aca414b1d75baacc819a3ea6e') in 0.014809 seconds
Number of updated asset objects reloaded before import = 0
Number of asset objects unloaded after import = 133
========================================================================
Received Import Request.
  Time since last request: 1.810075 seconds.
  path: Assets/Prefabs/grayHorse.prefab
  artifactKey: Guid(95c379707634747cbb29e1cd29e12951) Importer(815301076,1909f56bfc062723c751e8b465ee728b)
Start importing Assets/Prefabs/grayHorse.prefab using Guid(95c379707634747cbb29e1cd29e12951) Importer(815301076,1909f56bfc062723c751e8b465ee728b)  -> (artifact id: 'dd2ebd03f6972ffe0e3ddf19b3d05f64') in 0.014851 seconds
Number of updated asset objects reloaded before import = 0
Number of asset objects unloaded after import = 133
========================================================================
Received Import Request.
  Time since last request: 5.649420 seconds.
  path: Assets/Prefabs/grayHorse.prefab
  artifactKey: Guid(95c379707634747cbb29e1cd29e12951) Importer(815301076,1909f56bfc062723c751e8b465ee728b)
Start importing Assets/Prefabs/grayHorse.prefab using Guid(95c379707634747cbb29e1cd29e12951) Importer(815301076,1909f56bfc062723c751e8b465ee728b)  -> (artifact id: '1edb0359176c95dbb9806aed432cb9df') in 0.014138 seconds
Number of updated asset objects reloaded before import = 0
Number of asset objects unloaded after import = 133
========================================================================
Received Import Request.
  Time since last request: 3.824307 seconds.
  path: Assets/Prefabs/grayHorse.prefab
  artifactKey: Guid(95c379707634747cbb29e1cd29e12951) Importer(815301076,1909f56bfc062723c751e8b465ee728b)
Start importing Assets/Prefabs/grayHorse.prefab using Guid(95c379707634747cbb29e1cd29e12951) Importer(815301076,1909f56bfc062723c751e8b465ee728b)  -> (artifact id: 'af31eac4a5b4b66e4b9c98f2e2350a11') in 0.015982 seconds
Number of updated asset objects reloaded before import = 0
Number of asset objects unloaded after import = 133
========================================================================
Received Import Request.
  Time since last request: 2.409962 seconds.
  path: Assets/Prefabs/grayHorse.prefab
  artifactKey: Guid(95c379707634747cbb29e1cd29e12951) Importer(815301076,1909f56bfc062723c751e8b465ee728b)
Start importing Assets/Prefabs/grayHorse.prefab using Guid(95c379707634747cbb29e1cd29e12951) Importer(815301076,1909f56bfc062723c751e8b465ee728b)  -> (artifact id: '3ba5c117ce2b4f767cb1819d273cd178') in 0.014859 seconds
Number of updated asset objects reloaded before import = 0
Number of asset objects unloaded after import = 133
========================================================================
Received Import Request.
  Time since last request: 7.867558 seconds.
  path: Assets/Prefabs/grayHorse.prefab
  artifactKey: Guid(95c379707634747cbb29e1cd29e12951) Importer(815301076,1909f56bfc062723c751e8b465ee728b)
Start importing Assets/Prefabs/grayHorse.prefab using Guid(95c379707634747cbb29e1cd29e12951) Importer(815301076,1909f56bfc062723c751e8b465ee728b)  -> (artifact id: '5d6079b70562d52f0f0952afdf49b4bf') in 0.015056 seconds
Number of updated asset objects reloaded before import = 0
Number of asset objects unloaded after import = 133
========================================================================
Received Import Request.
  Time since last request: 6.254013 seconds.
  path: Assets/Prefabs/grayHorse.prefab
  artifactKey: Guid(95c379707634747cbb29e1cd29e12951) Importer(815301076,1909f56bfc062723c751e8b465ee728b)
Start importing Assets/Prefabs/grayHorse.prefab using Guid(95c379707634747cbb29e1cd29e12951) Importer(815301076,1909f56bfc062723c751e8b465ee728b)  -> (artifact id: '0a8c4d03b65188b1616b1d567bb1bea4') in 0.014648 seconds
Number of updated asset objects reloaded before import = 0
Number of asset objects unloaded after import = 133
========================================================================
Received Import Request.
  Time since last request: 6.446215 seconds.
  path: Assets/Prefabs/grayHorse.prefab
  artifactKey: Guid(95c379707634747cbb29e1cd29e12951) Importer(815301076,1909f56bfc062723c751e8b465ee728b)
Start importing Assets/Prefabs/grayHorse.prefab using Guid(95c379707634747cbb29e1cd29e12951) Importer(815301076,1909f56bfc062723c751e8b465ee728b)  -> (artifact id: '99631dc6d0795fe55966ece8a6c3b2d2') in 0.014761 seconds
Number of updated asset objects reloaded before import = 0
Number of asset objects unloaded after import = 133
========================================================================
Received Import Request.
  Time since last request: 1.190202 seconds.
  path: Assets/Prefabs/grayHorse.prefab
  artifactKey: Guid(95c379707634747cbb29e1cd29e12951) Importer(815301076,1909f56bfc062723c751e8b465ee728b)
Start importing Assets/Prefabs/grayHorse.prefab using Guid(95c379707634747cbb29e1cd29e12951) Importer(815301076,1909f56bfc062723c751e8b465ee728b)  -> (artifact id: 'af14da24f07f6b8a27030efc70590b90') in 0.014663 seconds
Number of updated asset objects reloaded before import = 0
Number of asset objects unloaded after import = 133
========================================================================
Received Import Request.
  Time since last request: 2.927575 seconds.
  path: Assets/Prefabs/grayHorse.prefab
  artifactKey: Guid(95c379707634747cbb29e1cd29e12951) Importer(815301076,1909f56bfc062723c751e8b465ee728b)
Start importing Assets/Prefabs/grayHorse.prefab using Guid(95c379707634747cbb29e1cd29e12951) Importer(815301076,1909f56bfc062723c751e8b465ee728b)  -> (artifact id: 'f307f9ad705b671117686d2d0be0405a') in 0.014526 seconds
Number of updated asset objects reloaded before import = 0
Number of asset objects unloaded after import = 148
========================================================================
Received Import Request.
  Time since last request: 6.414926 seconds.
  path: Assets/Prefabs/grayHorse.prefab
  artifactKey: Guid(95c379707634747cbb29e1cd29e12951) Importer(815301076,1909f56bfc062723c751e8b465ee728b)
Start importing Assets/Prefabs/grayHorse.prefab using Guid(95c379707634747cbb29e1cd29e12951) Importer(815301076,1909f56bfc062723c751e8b465ee728b)  -> (artifact id: 'a47618fa21486acd1315a3b1fdf51079') in 0.015413 seconds
Number of updated asset objects reloaded before import = 0
Number of asset objects unloaded after import = 148
========================================================================
Received Import Request.
  Time since last request: 3.208617 seconds.
  path: Assets/Prefabs/grayHorse.prefab
  artifactKey: Guid(95c379707634747cbb29e1cd29e12951) Importer(815301076,1909f56bfc062723c751e8b465ee728b)
Start importing Assets/Prefabs/grayHorse.prefab using Guid(95c379707634747cbb29e1cd29e12951) Importer(815301076,1909f56bfc062723c751e8b465ee728b)  -> (artifact id: '70e7f74dd6d5efa6191df7424e5730f2') in 0.013091 seconds
Number of updated asset objects reloaded before import = 0
Number of asset objects unloaded after import = 148
========================================================================
Received Import Request.
  Time since last request: 56.792486 seconds.
  path: Assets/Prefabs/grayHorse.prefab
  artifactKey: Guid(95c379707634747cbb29e1cd29e12951) Importer(815301076,1909f56bfc062723c751e8b465ee728b)
Start importing Assets/Prefabs/grayHorse.prefab using Guid(95c379707634747cbb29e1cd29e12951) Importer(815301076,1909f56bfc062723c751e8b465ee728b)  -> (artifact id: 'f8a8a8aec1e7583bb43fa5a060e7d184') in 0.025105 seconds
Number of updated asset objects reloaded before import = 0
Number of asset objects unloaded after import = 149
========================================================================
Received Import Request.
  Time since last request: 14.531247 seconds.
  path: Assets/Prefabs/grayHorse.prefab
  artifactKey: Guid(95c379707634747cbb29e1cd29e12951) Importer(815301076,1909f56bfc062723c751e8b465ee728b)
Start importing Assets/Prefabs/grayHorse.prefab using Guid(95c379707634747cbb29e1cd29e12951) Importer(815301076,1909f56bfc062723c751e8b465ee728b)  -> (artifact id: '5559aaa0390a10016864675bf202f52d') in 0.017694 seconds
Number of updated asset objects reloaded before import = 0
Number of asset objects unloaded after import = 159
========================================================================
Received Import Request.
  Time since last request: 4.890958 seconds.
  path: Assets/Prefabs/grayHorse.prefab
  artifactKey: Guid(95c379707634747cbb29e1cd29e12951) Importer(815301076,1909f56bfc062723c751e8b465ee728b)
Start importing Assets/Prefabs/grayHorse.prefab using Guid(95c379707634747cbb29e1cd29e12951) Importer(815301076,1909f56bfc062723c751e8b465ee728b)  -> (artifact id: '85940e12e2bf2bb9ab4480968a237188') in 0.012350 seconds
Number of updated asset objects reloaded before import = 0
Number of asset objects unloaded after import = 159
========================================================================
Received Import Request.
  Time since last request: 5.420070 seconds.
  path: Assets/Prefabs/grayHorse.prefab
  artifactKey: Guid(95c379707634747cbb29e1cd29e12951) Importer(815301076,1909f56bfc062723c751e8b465ee728b)
Start importing Assets/Prefabs/grayHorse.prefab using Guid(95c379707634747cbb29e1cd29e12951) Importer(815301076,1909f56bfc062723c751e8b465ee728b)  -> (artifact id: '1d779b27e64c20811e6bdec3e5761fd5') in 0.014715 seconds
Number of updated asset objects reloaded before import = 0
Number of asset objects unloaded after import = 159
========================================================================
Received Import Request.
  Time since last request: 3.020667 seconds.
  path: Assets/Prefabs/grayHorse.prefab
  artifactKey: Guid(95c379707634747cbb29e1cd29e12951) Importer(815301076,1909f56bfc062723c751e8b465ee728b)
Start importing Assets/Prefabs/grayHorse.prefab using Guid(95c379707634747cbb29e1cd29e12951) Importer(815301076,1909f56bfc062723c751e8b465ee728b)  -> (artifact id: 'fd849aa9ca039ff5538dea3092ef1e1f') in 0.014523 seconds
Number of updated asset objects reloaded before import = 0
Number of asset objects unloaded after import = 159
========================================================================
Received Import Request.
  Time since last request: 1.200131 seconds.
  path: Assets/Prefabs/grayHorse.prefab
  artifactKey: Guid(95c379707634747cbb29e1cd29e12951) Importer(815301076,1909f56bfc062723c751e8b465ee728b)
Start importing Assets/Prefabs/grayHorse.prefab using Guid(95c379707634747cbb29e1cd29e12951) Importer(815301076,1909f56bfc062723c751e8b465ee728b)  -> (artifact id: '2bbcb3795de458d609f2dfe1a8954760') in 0.014703 seconds
Number of updated asset objects reloaded before import = 0
Number of asset objects unloaded after import = 159
========================================================================
Received Import Request.
  Time since last request: 2.213376 seconds.
  path: Assets/Prefabs/grayHorse.prefab
  artifactKey: Guid(95c379707634747cbb29e1cd29e12951) Importer(815301076,1909f56bfc062723c751e8b465ee728b)
Start importing Assets/Prefabs/grayHorse.prefab using Guid(95c379707634747cbb29e1cd29e12951) Importer(815301076,1909f56bfc062723c751e8b465ee728b)  -> (artifact id: 'daa7608d8e25f0dd7b200e7233aef0f2') in 0.014365 seconds
Number of updated asset objects reloaded before import = 0
Number of asset objects unloaded after import = 159
========================================================================
Received Import Request.
  Time since last request: 11.289749 seconds.
  path: Assets/Prefabs/grayHorse.prefab
  artifactKey: Guid(95c379707634747cbb29e1cd29e12951) Importer(815301076,1909f56bfc062723c751e8b465ee728b)
Start importing Assets/Prefabs/grayHorse.prefab using Guid(95c379707634747cbb29e1cd29e12951) Importer(815301076,1909f56bfc062723c751e8b465ee728b)  -> (artifact id: 'c474210d7cd2587b3e39dde884a7b5d2') in 0.013965 seconds
Number of updated asset objects reloaded before import = 0
Number of asset objects unloaded after import = 159
========================================================================
Received Import Request.
  Time since last request: 8.743086 seconds.
  path: Assets/Prefabs/grayHorse.prefab
  artifactKey: Guid(95c379707634747cbb29e1cd29e12951) Importer(815301076,1909f56bfc062723c751e8b465ee728b)
Start importing Assets/Prefabs/grayHorse.prefab using Guid(95c379707634747cbb29e1cd29e12951) Importer(815301076,1909f56bfc062723c751e8b465ee728b)  -> (artifact id: '8d5e3c0140f6ac4e4b20799b4f217010') in 0.015295 seconds
Number of updated asset objects reloaded before import = 0
Number of asset objects unloaded after import = 159
========================================================================
Received Import Request.
  Time since last request: 5.928938 seconds.
  path: Assets/Prefabs/grayHorse.prefab
  artifactKey: Guid(95c379707634747cbb29e1cd29e12951) Importer(815301076,1909f56bfc062723c751e8b465ee728b)
Start importing Assets/Prefabs/grayHorse.prefab using Guid(95c379707634747cbb29e1cd29e12951) Importer(815301076,1909f56bfc062723c751e8b465ee728b)  -> (artifact id: '47e8cd3e3c8c35160369fd2a5cb1f587') in 0.015324 seconds
Number of updated asset objects reloaded before import = 0
Number of asset objects unloaded after import = 169
========================================================================
Received Import Request.
  Time since last request: 4.465215 seconds.
  path: Assets/Prefabs/grayHorse.prefab
  artifactKey: Guid(95c379707634747cbb29e1cd29e12951) Importer(815301076,1909f56bfc062723c751e8b465ee728b)
Start importing Assets/Prefabs/grayHorse.prefab using Guid(95c379707634747cbb29e1cd29e12951) Importer(815301076,1909f56bfc062723c751e8b465ee728b)  -> (artifact id: 'fde8c0cf8f3d55cf48ae0ebb69d0155c') in 0.013570 seconds
Number of updated asset objects reloaded before import = 0
Number of asset objects unloaded after import = 169
========================================================================
Received Import Request.
  Time since last request: 4.236051 seconds.
  path: Assets/Prefabs/grayHorse.prefab
  artifactKey: Guid(95c379707634747cbb29e1cd29e12951) Importer(815301076,1909f56bfc062723c751e8b465ee728b)
Start importing Assets/Prefabs/grayHorse.prefab using Guid(95c379707634747cbb29e1cd29e12951) Importer(815301076,1909f56bfc062723c751e8b465ee728b)  -> (artifact id: 'b3d34332b36c3c5fa9d8f4b864829627') in 0.014576 seconds
Number of updated asset objects reloaded before import = 0
Number of asset objects unloaded after import = 169
========================================================================
Received Import Request.
  Time since last request: 6.851945 seconds.
  path: Assets/Prefabs/grayHorse.prefab
  artifactKey: Guid(95c379707634747cbb29e1cd29e12951) Importer(815301076,1909f56bfc062723c751e8b465ee728b)
Start importing Assets/Prefabs/grayHorse.prefab using Guid(95c379707634747cbb29e1cd29e12951) Importer(815301076,1909f56bfc062723c751e8b465ee728b)  -> (artifact id: '6e738e01615476bd3e0a031b1b6ef3ba') in 0.014620 seconds
Number of updated asset objects reloaded before import = 0
Number of asset objects unloaded after import = 169
========================================================================
Received Import Request.
  Time since last request: 164.046894 seconds.
  path: Assets/Prefabs/grayHorse.prefab
  artifactKey: Guid(95c379707634747cbb29e1cd29e12951) Importer(815301076,1909f56bfc062723c751e8b465ee728b)
Start importing Assets/Prefabs/grayHorse.prefab using Guid(95c379707634747cbb29e1cd29e12951) Importer(815301076,1909f56bfc062723c751e8b465ee728b)  -> (artifact id: 'e69205e9c0162a9763abb225fdac2791') in 0.014864 seconds
Number of updated asset objects reloaded before import = 0
Number of asset objects unloaded after import = 170
========================================================================
Received Import Request.
  Time since last request: 30.534097 seconds.
  path: Assets/Prefabs/grayHorse.prefab
  artifactKey: Guid(95c379707634747cbb29e1cd29e12951) Importer(815301076,1909f56bfc062723c751e8b465ee728b)
Start importing Assets/Prefabs/grayHorse.prefab using Guid(95c379707634747cbb29e1cd29e12951) Importer(815301076,1909f56bfc062723c751e8b465ee728b)  -> (artifact id: 'eb119cc2b0fc80e48269b0537289e9fd') in 0.029829 seconds
Number of updated asset objects reloaded before import = 0
Number of asset objects unloaded after import = 149
